2015-04-02 21:54:00
Material 0x7fff5cfe4560
  disp:  input/Si_disp.txt
  relax: input/Si_relax2.txt
  temp:  300
OctetDomain 0x7fff5cfe4670
  dim: 2e-06 2e-06 8e-07 2e-07 4e-08
  div: 4 4 0 0 0
  dT:  5.68
FluxProblem 0x7fff5cfe4470
  mat:     0x7fff5cfe4560
  dom:     0x7fff5cfe4670
  nemit:   1000000
  maxscat: 100
  maxloop: 10000
  dir:     0 0 1
Seeds
1099291420 408443645 3184320958 2098316795 151957582 2858378641 401378471 1045542311 
00:00:01 [|-------------------]
00:00:02 [||------------------]
00:00:03 [|||-----------------]
00:00:03 [||||----------------]
00:00:04 [|||||---------------]
00:00:04 [||||||--------------]
00:00:05 [|||||||-------------]
00:00:06 [||||||||------------]
00:00:06 [|||||||||-----------]
00:00:07 [||||||||||----------]
00:00:07 [|||||||||||---------]
00:00:08 [||||||||||||--------]
00:00:09 [|||||||||||||-------]
00:00:10 [||||||||||||||------]
00:00:10 [|||||||||||||||-----]
00:00:11 [||||||||||||||||----]
00:00:12 [|||||||||||||||||---]
00:00:12 [||||||||||||||||||--]
00:00:13 [|||||||||||||||||||-]
00:00:13 [||||||||||||||||||||]
Subdomain 0
 2.630109206e+07  2.682594416e+07  2.972457275e+07  1.846939018e+07 

Subdomain 1
 3.290752151e+07  3.668887763e+07  3.510818838e+07  1.209576188e+07 

Subdomain 2
 3.285658370e+07  3.049049997e+07  2.906321264e+07  2.652255475e+07 

Subdomain 3
 2.405273074e+07  3.566177566e+07  2.698168053e+07  3.452149235e+07 

Subdomain 4
 3.210795987e+07  3.084646654e+07  3.289168991e+07  3.040834078e+07 

Subdomain 5
 3.712920492e+07  3.679832807e+07  2.961124266e+07  3.888183846e+07 

Subdomain 6
 3.108938046e+07  3.270449944e+07  2.470540104e+07  3.416057784e+07 

Subdomain 7
 1.073806958e+07 

Subdomain 8
 2.522151901e+07 

Subdomain 9
 3.261828725e+07 

Subdomain 10
 2.731261656e+07 

Subdomain 11
 3.193868997e+07 

Subdomain 12
 2.982858064e+05 -9.477079532e+03 -3.469852551e+05  7.479337641e+04 

Subdomain 13
 7.989753010e+06  5.582797214e+06  6.390121031e+06  5.656804107e+06 

Subdomain 14
 3.215984463e+07 

Subdomain 15
 3.102599070e+07 

Subdomain 16
 3.179319203e+07 

Subdomain 17
 2.902954351e+07 

Subdomain 18
 2.803019701e+07  2.650797660e+07  2.401132310e+07  2.590281185e+07 

Subdomain 19
 9.144526010e+06 

Subdomain 20
 4.543540519e+07 

Subdomain 21
 3.321897344e+07 

Subdomain 22
 2.406813173e+07 

Subdomain 23
 3.729112923e+07 

Subdomain 24
 1.568008735e+04  1.124160311e+05 -4.107850489e+05  5.397809403e+03 

Subdomain 25
 7.869072630e+06  5.325226142e+06  1.020762325e+07  6.982238534e+06 

Subdomain 26
 1.905938701e+07  3.007026932e+07  3.118435009e+07  3.176974793e+07 

Subdomain 27
 2.603663153e+07  3.047305930e+07  2.550253093e+07  3.409219743e+07 

Subdomain 28
 2.536706817e+07  3.261328465e+07  3.191298259e+07  3.104286630e+07 

Subdomain 29
 2.383415766e+07  2.601532789e+07  3.886688034e+07  1.632074871e+07 

Subdomain 30
 3.204252713e+07  3.424772421e+07  3.070128879e+07  3.234006222e+07 

Subdomain 31
 3.349809039e+07  4.147910475e+07  3.734701714e+07  1.300004643e+07 

Subdomain 32
 3.080028443e+07  3.879535798e+07  3.418711460e+07  3.194666063e+07 

Solution 0
Seeds
604560013 2418496180 1295135570 412652574 3464099609 1793936604 3714199264 3751808759 
00:00:14 [|-------------------]
00:00:15 [||------------------]
00:00:15 [|||-----------------]
00:00:16 [||||----------------]
00:00:16 [|||||---------------]
00:00:17 [||||||--------------]
00:00:17 [|||||||-------------]
00:00:18 [||||||||------------]
00:00:19 [|||||||||-----------]
00:00:19 [||||||||||----------]
00:00:20 [|||||||||||---------]
00:00:20 [||||||||||||--------]
00:00:21 [|||||||||||||-------]
00:00:22 [||||||||||||||------]
00:00:22 [|||||||||||||||-----]
00:00:23 [||||||||||||||||----]
00:00:24 [|||||||||||||||||---]
00:00:24 [||||||||||||||||||--]
00:00:25 [|||||||||||||||||||-]
00:00:25 [||||||||||||||||||||]
Subdomain 0
 3.408620029e+07  2.775973268e+07  2.918569390e+07  1.968495729e+07 

Subdomain 1
 4.074369969e+07  2.807098848e+07  2.645682578e+07  2.885587131e+07 

Subdomain 2
 3.192376350e+07  2.955198046e+07  3.229988679e+07  2.492242373e+07 

Subdomain 3
 3.259600185e+07  3.446699464e+07  3.482634306e+07  4.498516351e+07 

Subdomain 4
 3.262275043e+07  3.311746432e+07  3.334218037e+07  3.452182696e+07 

Subdomain 5
 3.357932560e+07  1.965369244e+07  3.301649788e+07  2.336464451e+07 

Subdomain 6
 3.280997054e+07  2.369085963e+07  2.898430694e+07  2.669730140e+07 

Subdomain 7
 7.195878707e+06 

Subdomain 8
 2.694895935e+07 

Subdomain 9
 3.644272080e+07 

Subdomain 10
 2.011026034e+07 

Subdomain 11
 2.012073936e+07 

Subdomain 12
-2.217015024e+05  1.553833096e+05  1.913545547e+05  2.172896776e+05 

Subdomain 13
 9.846080693e+06  1.126948503e+07  5.386744723e+06  1.163657641e+07 

Subdomain 14
 3.341602749e+07 

Subdomain 15
 3.187235298e+07 

Subdomain 16
 2.825950289e+07 

Subdomain 17
 2.742558959e+07 

Subdomain 18
 3.082775106e+07  2.869712813e+07  2.712983013e+07  2.607025489e+07 

Subdomain 19
 1.063214872e+07 

Subdomain 20
 6.521941219e+07 

Subdomain 21
 3.167451237e+07 

Subdomain 22
 1.640925199e+07 

Subdomain 23
 2.611646698e+07 

Subdomain 24
 1.370238841e+05  1.081850938e+05 -1.758687306e+05  1.191868292e+05 

Subdomain 25
 8.937760407e+06  1.071316785e+07  1.248382656e+07  5.935291826e+06 

Subdomain 26
 2.281055941e+07  2.689002886e+07  3.347157637e+07  3.508938558e+07 

Subdomain 27
 2.379104097e+07  3.254647330e+07  3.013532454e+07  2.615417795e+07 

Subdomain 28
 2.516292638e+07  3.175981187e+07  3.452511324e+07  3.116177689e+07 

Subdomain 29
 3.181936294e+07  2.509700982e+07  3.240171501e+07  3.212699009e+07 

Subdomain 30
 3.215137241e+07  3.362744735e+07  3.490343063e+07  3.088207031e+07 

Subdomain 31
 3.682261394e+07  3.754202744e+07  3.125650507e+07  3.109424945e+07 

Subdomain 32
 3.181854486e+07  3.247705175e+07  3.390410140e+07  3.579751216e+07 

Solution 1
Seeds
1325198619 4248486478 898947836 1102395010 3049584789 2138234938 3881027121 2432131134 
00:00:26 [|-------------------]
00:00:27 [||------------------]
00:00:27 [|||-----------------]
00:00:28 [||||----------------]
00:00:28 [|||||---------------]
00:00:29 [||||||--------------]
00:00:30 [|||||||-------------]
00:00:30 [||||||||------------]
00:00:31 [|||||||||-----------]
00:00:31 [||||||||||----------]
00:00:32 [|||||||||||---------]
00:00:32 [||||||||||||--------]
00:00:33 [|||||||||||||-------]
00:00:33 [||||||||||||||------]
00:00:34 [|||||||||||||||-----]
00:00:35 [||||||||||||||||----]
00:00:35 [|||||||||||||||||---]
00:00:36 [||||||||||||||||||--]
00:00:36 [|||||||||||||||||||-]
00:00:37 [||||||||||||||||||||]
Subdomain 0
 2.570607503e+07  3.050998976e+07  3.770774860e+07  1.672693057e+07 

Subdomain 1
 4.001068380e+07  4.299196198e+07  2.727706504e+07  3.109469705e+07 

Subdomain 2
 3.110622772e+07  3.219701499e+07  3.141865458e+07  2.539520262e+07 

Subdomain 3
 2.862968323e+07  3.599377318e+07  1.181101009e+07  3.890309774e+07 

Subdomain 4
 3.308270134e+07  3.128718894e+07  2.963818153e+07  3.301327798e+07 

Subdomain 5
 3.687968886e+07  2.846445515e+07  4.885724024e+07  2.762473586e+07 

Subdomain 6
 3.115660164e+07  3.130445046e+07  3.222258649e+07  3.457376626e+07 

Subdomain 7
 6.223945657e+06 

Subdomain 8
 6.669852765e+07 

Subdomain 9
 3.344237803e+07 

Subdomain 10
 2.690534548e+06 

Subdomain 11
 3.160667873e+07 

Subdomain 12
 2.928054613e+05 -2.032906464e+05  6.081629860e+05 -4.524775966e+05 

Subdomain 13
 1.002221594e+07  3.867698346e+06  7.109002756e+06  8.750940331e+06 

Subdomain 14
 3.168142137e+07 

Subdomain 15
 3.119910387e+07 

Subdomain 16
 3.109437586e+07 

Subdomain 17
 3.314103742e+07 

Subdomain 18
 2.928522880e+07  2.736783981e+07  2.842552053e+07  2.646959318e+07 

Subdomain 19
 1.076353007e+07 

Subdomain 20
 3.563855436e+07 

Subdomain 21
 2.851593346e+07 

Subdomain 22
 5.306388881e+07 

Subdomain 23
 2.945804648e+07 

Subdomain 24
 3.523553933e+05  3.726447815e+05 -1.128512498e+05  5.298048060e+04 

Subdomain 25
 8.293222430e+06  5.382667705e+06  1.105246722e+07  6.929963271e+06 

Subdomain 26
 2.250429772e+07  2.882429699e+07  3.196816687e+07  3.440039034e+07 

Subdomain 27
 3.085463490e+07  3.136230861e+07  4.438497156e+07  4.428317746e+07 

Subdomain 28
 2.582926381e+07  3.104674476e+07  3.232552616e+07  3.293287571e+07 

Subdomain 29
 3.005759424e+07  2.325110654e+07  2.205305176e+07  3.272814409e+07 

Subdomain 30
 2.997525145e+07  3.307786949e+07  3.178476310e+07  3.325935327e+07 

Subdomain 31
 3.444250466e+07  1.336886275e+07  3.248766248e+07  3.974356027e+07 

Subdomain 32
 2.725923423e+07  2.974550186e+07  3.468687257e+07  2.827407630e+07 

Solution 2
Seeds
1122339212 3515721148 1055302284 2241262316 1854597781 3508650112 922572833 2819167143 
00:00:38 [|-------------------]
00:00:38 [||------------------]
00:00:39 [|||-----------------]
00:00:39 [||||----------------]
00:00:40 [|||||---------------]
00:00:41 [||||||--------------]
00:00:41 [|||||||-------------]
00:00:42 [||||||||------------]
00:00:43 [|||||||||-----------]
00:00:43 [||||||||||----------]
00:00:44 [|||||||||||---------]
00:00:45 [||||||||||||--------]
00:00:45 [|||||||||||||-------]
00:00:46 [||||||||||||||------]
00:00:46 [|||||||||||||||-----]
00:00:47 [||||||||||||||||----]
00:00:48 [|||||||||||||||||---]
00:00:48 [||||||||||||||||||--]
00:00:49 [|||||||||||||||||||-]
00:00:50 [||||||||||||||||||||]
Subdomain 0
 2.639483014e+07  2.847974213e+07  2.859540562e+07  2.365627680e+07 

Subdomain 1
 1.919499088e+07  2.745050962e+07  3.638342277e+07  1.212088261e+07 

Subdomain 2
 3.318959711e+07  3.408260357e+07  3.259418827e+07  2.555684463e+07 

Subdomain 3
 2.847093022e+07  2.840267257e+07  3.216017346e+07  3.084408261e+07 

Subdomain 4
 3.201524215e+07  3.008630550e+07  3.048943040e+07  3.029752928e+07 

Subdomain 5
 2.921896147e+07  2.780486841e+07  3.286210687e+07  3.010242107e+07 

Subdomain 6
 2.951292447e+07  3.464538748e+07  3.618967125e+07  3.276199080e+07 

Subdomain 7
 9.878692927e+06 

Subdomain 8
 1.475914813e+07 

Subdomain 9
 2.857149783e+07 

Subdomain 10
 4.847474064e+07 

Subdomain 11
 2.616575301e+07 

Subdomain 12
-1.064921336e+05  3.062796708e+04  1.774346332e+05  1.486269821e+05 

Subdomain 13
 6.687771436e+06  1.036756061e+07  4.800880785e+06  7.276219276e+06 

Subdomain 14
 3.617022547e+07 

Subdomain 15
 3.196502636e+07 

Subdomain 16
 2.820635996e+07 

Subdomain 17
 3.650370066e+07 

Subdomain 18
 2.795683528e+07  2.779097439e+07  2.701490890e+07  2.631374839e+07 

Subdomain 19
 6.450539844e+06 

Subdomain 20
 5.981276803e+07 

Subdomain 21
 3.224461227e+07 

Subdomain 22
 4.814160848e+07 

Subdomain 23
 2.725056199e+07 

Subdomain 24
 2.805860797e+05  7.300653959e+04 -2.819861998e+05  5.679179186e+05 

Subdomain 25
 7.100227070e+06  5.572023179e+06  1.100947603e+07  5.555089219e+06 

Subdomain 26
 1.779936492e+07  3.345987622e+07  2.872004183e+07  2.837423309e+07 

Subdomain 27
 3.782231090e+07  2.973020150e+07  3.134021735e+07  3.127605127e+07 

Subdomain 28
 2.573346965e+07  2.978196395e+07  3.292383431e+07  3.255422943e+07 

Subdomain 29
 3.450943393e+07  3.291434682e+07  2.496248390e+07  3.693239934e+07 

Subdomain 30
 3.160980066e+07  3.114495148e+07  3.216257887e+07  3.159420641e+07 

Subdomain 31
 3.689505940e+07  2.492927888e+07  3.402112592e+07  3.754659875e+07 

Subdomain 32
 2.759610269e+07  3.202763557e+07  3.273663427e+07  2.696040212e+07 

Mean
Subdomain 0
 2.872903516e+07  2.891648819e+07  3.182961604e+07  2.002272155e+07 

Subdomain 1
 3.331645812e+07  3.283782003e+07  3.003910453e+07  2.402381699e+07 

Subdomain 2
 3.207319611e+07  3.194386634e+07  3.210424322e+07  2.529149033e+07 

Subdomain 3
 2.989887177e+07  3.295448013e+07  2.626584220e+07  3.824411462e+07 

Subdomain 4
 3.257356464e+07  3.149698625e+07  3.115659743e+07  3.261087807e+07 

Subdomain 5
 3.322599198e+07  2.530767200e+07  3.824528166e+07  2.703060048e+07 

Subdomain 6
 3.115983222e+07  2.988023253e+07  3.246552156e+07  3.134435282e+07 

Subdomain 7
 7.766172430e+06 

Subdomain 8
 3.613554504e+07 

Subdomain 9
 3.281886555e+07 

Subdomain 10
 2.375851184e+07 

Subdomain 11
 2.596439037e+07 

Subdomain 12
-1.179605824e+04 -5.759789883e+03  3.256507246e+05 -2.885364566e+04 

Subdomain 13
 8.852022688e+06  8.501581331e+06  5.765542755e+06  9.221245338e+06 

Subdomain 14
 3.375589144e+07 

Subdomain 15
 3.167882774e+07 

Subdomain 16
 2.918674624e+07 

Subdomain 17
 3.235677589e+07 

Subdomain 18
 2.935660505e+07  2.795198078e+07  2.752341985e+07  2.628453215e+07 

Subdomain 19
 9.282072877e+06 

Subdomain 20
 5.355691153e+07 

Subdomain 21
 3.081168603e+07 

Subdomain 22
 3.920491642e+07 

Subdomain 23
 2.760835848e+07 

Subdomain 24
 2.566551191e+05  1.846121383e+05 -1.902353934e+05  2.466950761e+05 

Subdomain 25
 8.110403302e+06  7.222619579e+06  1.151525660e+07  6.140114772e+06 

Subdomain 26
 2.103807402e+07  2.972473402e+07  3.138659502e+07  3.262133634e+07 

Subdomain 27
 3.082266226e+07  3.121299447e+07  3.528683782e+07  3.390446889e+07 

Subdomain 28
 2.557521995e+07  3.086284019e+07  3.325815790e+07  3.221629401e+07 

Subdomain 29
 3.212879704e+07  2.708748773e+07  2.647241689e+07  3.392917784e+07 

Subdomain 30
 3.124547484e+07  3.261675611e+07  3.295025754e+07  3.191187666e+07 

Subdomain 31
 3.605339267e+07  2.528005636e+07  3.258843116e+07  3.612813615e+07 

Subdomain 32
 2.889129393e+07  3.141672973e+07  3.377586941e+07  3.034399686e+07 

Variance
Subdomain 0
 2.164300962e+13  2.034038839e+12  2.600144185e+13  1.208952334e+13 

Subdomain 1
 1.496962059e+14  7.742619756e+13  3.035597852e+13  1.075129703e+14 

Subdomain 2
 1.101854580e+12  5.179699606e+12  3.741771693e+11  1.086896502e+11 

Subdomain 3
 5.462183635e+12  1.612197724e+13  1.584837437e+14  5.031823638e+13 

Subdomain 4
 2.866817086e+11  2.329992131e+12  3.763735736e+12  4.582616990e+12 

Subdomain 5
 1.476531952e+13  2.408437729e+13  8.446620774e+13  1.161415587e+13 

Subdomain 6
 2.717636020e+12  3.152171764e+13  1.302358179e+13  1.701694774e+13 

Subdomain 7
 3.583220601e+12 

Subdomain 8
 7.377198036e+14 

Subdomain 9
 1.578061363e+13 

Subdomain 10
 5.340306862e+14 

Subdomain 11
 3.301211099e+13 

Subdomain 12
 7.290486393e+10  3.315480333e+10  5.990832442e+10  1.357715803e+11 

Subdomain 13
 3.520743517e+12  1.630802056e+13  1.439472720e+12  4.919068682e+12 

Subdomain 14
 5.123971194e+12 

Subdomain 15
 1.747483327e+11 

Subdomain 16
 2.729994134e+12 

Subdomain 17
 2.106432477e+13 

Subdomain 18
 2.064360273e+12  4.611941525e+11  6.136409468e+11  4.050796005e+10 

Subdomain 19
 6.017499755e+12 

Subdomain 20
 2.481085928e+14 

Subdomain 21
 4.034113384e+12 

Subdomain 22
 3.957889488e+14 

Subdomain 23
 2.887552141e+12 

Subdomain 24
 1.202143287e+10  2.682658885e+10  7.306458576e+09  7.848390603e+10 

Subdomain 25
 8.691993160e+11  9.146909317e+12  7.040578773e+11  5.040339940e+11 

Subdomain 26
 7.890376529e+12  1.139881371e+13  5.897939459e+12  1.364709311e+13 

Subdomain 27
 4.921990070e+13  1.999567739e+12  6.244496989e+13  8.734659022e+13 

Subdomain 28
 1.297836193e+11  1.003336265e+12  1.293375029e+12  8.698480149e+11 

Subdomain 29
 5.026531256e+12  2.631605494e+13  2.848363095e+13  6.854851082e+12 

Subdomain 30
 1.283425589e+12  1.700165601e+12  2.896850046e+12  1.488554364e+12 

Subdomain 31
 1.947532210e+12  1.461777565e+14  1.918397863e+12  2.021167152e+13 

Subdomain 32
 6.454968616e+12  2.145245659e+12  9.631899465e+11  2.273705678e+13 

